[RUN] AUH_HepG2_20260706-193105
[DIR] logs=results/logs model=results/model metrics=results/metrics
[CFG] results/logs/AUH_HepG2_20260706-193105_config.json
AUH_HepG2 	 Train Epoch: 1     avg.loss: 0.9529 Acc: 0.67%, AUC: 0.7654, PRC: 0.6420, MCC: 0.3384, lr: 0.000040
AUH_HepG2 	 Test  Epoch: 1     avg.loss: 0.8727 Acc: 0.74%, AUC: 0.7954 (0.7954), PRC: 0.6704, MCC: 0.3595, 1
AUH_HepG2 	 Train Epoch: 2     avg.loss: 0.6501 Acc: 0.77%, AUC: nan, PRC: 0.7648, MCC: 0.5193, lr: 0.000080
AUH_HepG2 	 Test  Epoch: 2     avg.loss: 0.7164 Acc: 0.77%, AUC: 0.8294 (0.8294), PRC: 0.7248, MCC: 0.4509, 2
AUH_HepG2 	 Train Epoch: 3     avg.loss: 0.6341 Acc: 0.78%, AUC: 0.8623, PRC: 0.7719, MCC: 0.5419, lr: 0.000120
AUH_HepG2 	 Test  Epoch: 3     avg.loss: 0.7656 Acc: 0.77%, AUC: 0.8336 (0.8336), PRC: 0.7316, MCC: 0.4461, 3
AUH_HepG2 	 Train Epoch: 4     avg.loss: 0.6241 Acc: 0.79%, AUC: 0.8697, PRC: 0.7803, MCC: 0.5517, lr: 0.000160
AUH_HepG2 	 Test  Epoch: 4     avg.loss: 0.9640 Acc: 0.74%, AUC: 0.8370 (0.8370), PRC: 0.7339, MCC: 0.3929, 4
AUH_HepG2 	 Train Epoch: 5     avg.loss: 0.6120 Acc: 0.79%, AUC: 0.8782, PRC: 0.7962, MCC: 0.5723, lr: 0.000200
AUH_HepG2 	 Test  Epoch: 5     avg.loss: 0.6599 Acc: 0.78%, AUC: 0.8441 (0.8441), PRC: 0.7534, MCC: 0.5068, 5
AUH_HepG2 	 Train Epoch: 6     avg.loss: 0.6118 Acc: 0.79%, AUC: 0.8808, PRC: 0.8011, MCC: 0.5669, lr: 0.000240
AUH_HepG2 	 Test  Epoch: 6     avg.loss: 0.7290 Acc: 0.78%, AUC: 0.8471 (0.8471), PRC: 0.7502, MCC: 0.4721, 6
AUH_HepG2 	 Train Epoch: 7     avg.loss: 0.6056 Acc: 0.80%, AUC: nan, PRC: 0.8113, MCC: 0.5850, lr: 0.000280
AUH_HepG2 	 Test  Epoch: 7     avg.loss: 1.0324 Acc: 0.73%, AUC: 0.8434 (0.8471), PRC: 0.7448, MCC: 0.3476, 6
AUH_HepG2 	 Train Epoch: 8     avg.loss: 0.5853 Acc: 0.80%, AUC: nan, PRC: 0.8282, MCC: 0.5830, lr: 0.000320
AUH_HepG2 	 Test  Epoch: 8     avg.loss: 0.7143 Acc: 0.78%, AUC: 0.8500 (0.8500), PRC: 0.7526, MCC: 0.4839, 8
AUH_HepG2 	 Train Epoch: 9     avg.loss: 0.5762 Acc: 0.80%, AUC: 0.8955, PRC: 0.8194, MCC: 0.5945, lr: 0.000360
AUH_HepG2 	 Test  Epoch: 9     avg.loss: 0.6770 Acc: 0.79%, AUC: 0.8473 (0.8500), PRC: 0.7547, MCC: 0.5223, 8
AUH_HepG2 	 Train Epoch: 10     avg.loss: 0.5734 Acc: 0.81%, AUC: nan, PRC: 0.8404, MCC: 0.6103, lr: 0.000400
AUH_HepG2 	 Test  Epoch: 10     avg.loss: 0.8251 Acc: 0.61%, AUC: 0.8434 (0.8500), PRC: 0.7439, MCC: 0.3915, 8
AUH_HepG2 	 Train Epoch: 11     avg.loss: 0.5854 Acc: 0.81%, AUC: 0.9072, PRC: 0.8435, MCC: 0.6131, lr: 0.000440
AUH_HepG2 	 Test  Epoch: 11     avg.loss: 0.6638 Acc: 0.79%, AUC: 0.8451 (0.8500), PRC: 0.7469, MCC: 0.5230, 8
AUH_HepG2 	 Train Epoch: 12     avg.loss: 0.5768 Acc: 0.81%, AUC: 0.9159, PRC: 0.8522, MCC: 0.6214, lr: 0.000480
AUH_HepG2 	 Test  Epoch: 12     avg.loss: 0.9803 Acc: 0.76%, AUC: 0.8466 (0.8500), PRC: 0.7489, MCC: 0.4303, 8
AUH_HepG2 	 Train Epoch: 13     avg.loss: 0.5405 Acc: 0.82%, AUC: 0.9189, PRC: 0.8559, MCC: 0.6323, lr: 0.000520
AUH_HepG2 	 Test  Epoch: 13     avg.loss: 0.9263 Acc: 0.76%, AUC: 0.8258 (0.8500), PRC: 0.7270, MCC: 0.4209, 8
AUH_HepG2 	 Train Epoch: 14     avg.loss: 0.5370 Acc: 0.82%, AUC: 0.9259, PRC: 0.8688, MCC: 0.6450, lr: 0.000560
AUH_HepG2 	 Test  Epoch: 14     avg.loss: 0.9380 Acc: 0.77%, AUC: 0.8362 (0.8500), PRC: 0.7320, MCC: 0.4419, 8
AUH_HepG2 	 Train Epoch: 15     avg.loss: 0.5493 Acc: 0.82%, AUC: 0.9279, PRC: 0.8738, MCC: 0.6462, lr: 0.000600
AUH_HepG2 	 Test  Epoch: 15     avg.loss: 1.0522 Acc: 0.75%, AUC: 0.8450 (0.8500), PRC: 0.7422, MCC: 0.4048, 8
AUH_HepG2 	 Train Epoch: 16     avg.loss: 0.5475 Acc: 0.82%, AUC: 0.9298, PRC: 0.8738, MCC: 0.6420, lr: 0.000640
AUH_HepG2 	 Test  Epoch: 16     avg.loss: 0.9166 Acc: 0.77%, AUC: 0.8673 (0.8673), PRC: 0.7742, MCC: 0.4622, 16
AUH_HepG2 	 Train Epoch: 17     avg.loss: 0.5347 Acc: 0.83%, AUC: 0.9412, PRC: 0.8932, MCC: 0.6656, lr: 0.000680
AUH_HepG2 	 Test  Epoch: 17     avg.loss: 0.8884 Acc: 0.78%, AUC: 0.8526 (0.8673), PRC: 0.7579, MCC: 0.4779, 16
AUH_HepG2 	 Train Epoch: 18     avg.loss: 0.4780 Acc: 0.84%, AUC: 0.9389, PRC: 0.8885, MCC: 0.6805, lr: 0.000720
AUH_HepG2 	 Test  Epoch: 18     avg.loss: 0.6372 Acc: 0.80%, AUC: 0.8584 (0.8673), PRC: 0.7596, MCC: 0.5407, 16
AUH_HepG2 	 Train Epoch: 19     avg.loss: 0.4706 Acc: 0.85%, AUC: 0.9475, PRC: 0.9072, MCC: 0.6994, lr: 0.000760
AUH_HepG2 	 Test  Epoch: 19     avg.loss: 0.6807 Acc: 0.79%, AUC: 0.8478 (0.8673), PRC: 0.7368, MCC: 0.5246, 16
AUH_HepG2 	 Train Epoch: 20     avg.loss: 0.4644 Acc: 0.85%, AUC: 0.9494, PRC: 0.9056, MCC: 0.7029, lr: 0.000800
AUH_HepG2 	 Test  Epoch: 20     avg.loss: 0.9822 Acc: 0.78%, AUC: 0.8516 (0.8673), PRC: 0.7525, MCC: 0.4835, 16
AUH_HepG2 	 Train Epoch: 21     avg.loss: 0.4466 Acc: 0.86%, AUC: 0.9540, PRC: 0.9140, MCC: 0.7211, lr: 0.000840
AUH_HepG2 	 Test  Epoch: 21     avg.loss: 0.6708 Acc: 0.75%, AUC: 0.8701 (0.8701), PRC: 0.7783, MCC: 0.5268, 21
AUH_HepG2 	 Train Epoch: 22     avg.loss: 0.4217 Acc: 0.87%, AUC: 0.9608, PRC: 0.9274, MCC: 0.7341, lr: 0.000880
AUH_HepG2 	 Test  Epoch: 22     avg.loss: 0.7944 Acc: 0.80%, AUC: 0.8575 (0.8701), PRC: 0.7744, MCC: 0.5312, 21
AUH_HepG2 	 Train Epoch: 23     avg.loss: 0.4499 Acc: 0.86%, AUC: 0.9607, PRC: 0.9255, MCC: 0.7251, lr: 0.000920
AUH_HepG2 	 Test  Epoch: 23     avg.loss: 0.9194 Acc: 0.78%, AUC: 0.8612 (0.8701), PRC: 0.7623, MCC: 0.4897, 21
AUH_HepG2 	 Train Epoch: 24     avg.loss: 0.4081 Acc: 0.88%, AUC: 0.9663, PRC: 0.9365, MCC: 0.7484, lr: 0.000960
AUH_HepG2 	 Test  Epoch: 24     avg.loss: 1.6215 Acc: 0.75%, AUC: 0.8472 (0.8701), PRC: 0.7410, MCC: 0.4065, 21
AUH_HepG2 	 Train Epoch: 25     avg.loss: 0.4126 Acc: 0.88%, AUC: 0.9670, PRC: 0.9389, MCC: 0.7456, lr: 0.001000
AUH_HepG2 	 Test  Epoch: 25     avg.loss: 1.2060 Acc: 0.78%, AUC: 0.8652 (0.8701), PRC: 0.7701, MCC: 0.4799, 21
AUH_HepG2 	 Train Epoch: 26     avg.loss: 0.3909 Acc: 0.89%, AUC: 0.9742, PRC: 0.9500, MCC: 0.7673, lr: 0.001040
AUH_HepG2 	 Test  Epoch: 26     avg.loss: 0.8163 Acc: 0.80%, AUC: 0.8577 (0.8701), PRC: 0.7564, MCC: 0.5404, 21
AUH_HepG2 	 Train Epoch: 27     avg.loss: 0.3734 Acc: 0.89%, AUC: 0.9749, PRC: 0.9535, MCC: 0.7763, lr: 0.001080
AUH_HepG2 	 Test  Epoch: 27     avg.loss: 1.9440 Acc: 0.74%, AUC: 0.8759 (0.8759), PRC: 0.7834, MCC: 0.3814, 27
AUH_HepG2 	 Train Epoch: 28     avg.loss: 0.3689 Acc: 0.90%, AUC: 0.9753, PRC: 0.9491, MCC: 0.7863, lr: 0.001120
AUH_HepG2 	 Test  Epoch: 28     avg.loss: 1.4677 Acc: 0.77%, AUC: 0.8656 (0.8759), PRC: 0.7734, MCC: 0.4594, 27
AUH_HepG2 	 Train Epoch: 29     avg.loss: 0.3337 Acc: 0.90%, AUC: nan, PRC: 0.9582, MCC: 0.8020, lr: 0.001160
AUH_HepG2 	 Test  Epoch: 29     avg.loss: 1.2923 Acc: 0.79%, AUC: 0.8623 (0.8759), PRC: 0.7610, MCC: 0.4931, 27
AUH_HepG2 	 Train Epoch: 30     avg.loss: 0.3366 Acc: 0.90%, AUC: 0.9823, PRC: 0.9646, MCC: 0.8017, lr: 0.001200
AUH_HepG2 	 Test  Epoch: 30     avg.loss: 0.8056 Acc: 0.80%, AUC: 0.8685 (0.8759), PRC: 0.7749, MCC: 0.5388, 27
AUH_HepG2 	 Train Epoch: 31     avg.loss: 0.3184 Acc: 0.92%, AUC: 0.9857, PRC: 0.9726, MCC: 0.8267, lr: 0.001240
AUH_HepG2 	 Test  Epoch: 31     avg.loss: 1.4477 Acc: 0.79%, AUC: 0.8716 (0.8759), PRC: 0.7779, MCC: 0.4997, 27
AUH_HepG2 	 Train Epoch: 32     avg.loss: 0.3255 Acc: 0.91%, AUC: 0.9829, PRC: 0.9658, MCC: 0.8135, lr: 0.001280
AUH_HepG2 	 Test  Epoch: 32     avg.loss: 0.8572 Acc: 0.80%, AUC: 0.8568 (0.8759), PRC: 0.7539, MCC: 0.5481, 27
AUH_HepG2 	 Train Epoch: 33     avg.loss: 0.2885 Acc: 0.92%, AUC: nan, PRC: 0.9751, MCC: 0.8360, lr: 0.001320
AUH_HepG2 	 Test  Epoch: 33     avg.loss: 0.8864 Acc: 0.81%, AUC: 0.8759 (0.8759), PRC: 0.7875, MCC: 0.5610, 33
AUH_HepG2 	 Train Epoch: 34     avg.loss: 0.2918 Acc: 0.92%, AUC: 0.9873, PRC: 0.9754, MCC: 0.8398, lr: 0.001360
AUH_HepG2 	 Test  Epoch: 34     avg.loss: 0.9378 Acc: 0.80%, AUC: 0.8598 (0.8759), PRC: 0.7606, MCC: 0.5315, 33
AUH_HepG2 	 Train Epoch: 35     avg.loss: 0.2805 Acc: 0.93%, AUC: 0.9889, PRC: 0.9784, MCC: 0.8424, lr: 0.001400
AUH_HepG2 	 Test  Epoch: 35     avg.loss: 1.1324 Acc: 0.81%, AUC: 0.8707 (0.8759), PRC: 0.7797, MCC: 0.5426, 33
AUH_HepG2 	 Train Epoch: 36     avg.loss: 0.2740 Acc: 0.93%, AUC: 0.9892, PRC: 0.9799, MCC: 0.8509, lr: 0.001440
AUH_HepG2 	 Test  Epoch: 36     avg.loss: 1.3851 Acc: 0.79%, AUC: 0.8577 (0.8759), PRC: 0.7615, MCC: 0.4969, 33
AUH_HepG2 	 Train Epoch: 37     avg.loss: 0.2656 Acc: 0.93%, AUC: 0.9907, PRC: 0.9834, MCC: 0.8607, lr: 0.001480
AUH_HepG2 	 Test  Epoch: 37     avg.loss: 0.8981 Acc: 0.81%, AUC: 0.8736 (0.8759), PRC: 0.7819, MCC: 0.5649, 33
AUH_HepG2 	 Train Epoch: 38     avg.loss: 0.2296 Acc: 0.94%, AUC: 0.9928, PRC: 0.9865, MCC: 0.8720, lr: 0.001520
AUH_HepG2 	 Test  Epoch: 38     avg.loss: 1.2962 Acc: 0.80%, AUC: 0.8685 (0.8759), PRC: 0.7764, MCC: 0.5323, 33
AUH_HepG2 	 Train Epoch: 39     avg.loss: 0.2278 Acc: 0.94%, AUC: 0.9925, PRC: 0.9852, MCC: 0.8740, lr: 0.001560
AUH_HepG2 	 Test  Epoch: 39     avg.loss: 1.0422 Acc: 0.81%, AUC: 0.8692 (0.8759), PRC: 0.7865, MCC: 0.5617, 33
AUH_HepG2 	 Train Epoch: 40     avg.loss: 0.2197 Acc: 0.94%, AUC: 0.9942, PRC: 0.9883, MCC: 0.8764, lr: 0.001600
AUH_HepG2 	 Test  Epoch: 40     avg.loss: 1.2280 Acc: 0.82%, AUC: 0.8786 (0.8786), PRC: 0.8015, MCC: 0.5729, 40
AUH_HepG2 	 Train Epoch: 41     avg.loss: 0.2440 Acc: 0.94%, AUC: 0.9925, PRC: 0.9851, MCC: 0.8706, lr: 0.001600
AUH_HepG2 	 Test  Epoch: 41     avg.loss: 1.1587 Acc: 0.80%, AUC: 0.8613 (0.8786), PRC: 0.7678, MCC: 0.5202, 40
AUH_HepG2 	 Train Epoch: 42     avg.loss: 0.1837 Acc: 0.95%, AUC: 0.9944, PRC: 0.9896, MCC: 0.8958, lr: 0.001600
AUH_HepG2 	 Test  Epoch: 42     avg.loss: 1.2144 Acc: 0.83%, AUC: 0.8769 (0.8786), PRC: 0.7991, MCC: 0.5962, 40
AUH_HepG2 	 Train Epoch: 43     avg.loss: 0.1843 Acc: 0.95%, AUC: 0.9950, PRC: 0.9905, MCC: 0.8969, lr: 0.001600
AUH_HepG2 	 Test  Epoch: 43     avg.loss: 1.5693 Acc: 0.80%, AUC: 0.8793 (0.8793), PRC: 0.7987, MCC: 0.5240, 43
AUH_HepG2 	 Train Epoch: 44     avg.loss: 0.1683 Acc: 0.96%, AUC: 0.9964, PRC: 0.9934, MCC: 0.9070, lr: 0.001600
AUH_HepG2 	 Test  Epoch: 44     avg.loss: 0.8946 Acc: 0.83%, AUC: 0.8890 (0.8890), PRC: 0.8173, MCC: 0.6196, 44
AUH_HepG2 	 Train Epoch: 45     avg.loss: 0.1593 Acc: 0.96%, AUC: 0.9963, PRC: 0.9928, MCC: 0.9089, lr: 0.001280
AUH_HepG2 	 Test  Epoch: 45     avg.loss: 1.3055 Acc: 0.81%, AUC: 0.8769 (0.8890), PRC: 0.7915, MCC: 0.5456, 44
AUH_HepG2 	 Train Epoch: 46     avg.loss: 0.1230 Acc: 0.97%, AUC: 0.9982, PRC: 0.9965, MCC: 0.9282, lr: 0.001280
AUH_HepG2 	 Test  Epoch: 46     avg.loss: 1.7052 Acc: 0.81%, AUC: 0.8771 (0.8890), PRC: 0.8009, MCC: 0.5440, 44
AUH_HepG2 	 Train Epoch: 47     avg.loss: 0.1384 Acc: 0.97%, AUC: nan, PRC: 0.9966, MCC: 0.9335, lr: 0.001280
AUH_HepG2 	 Test  Epoch: 47     avg.loss: 2.5803 Acc: 0.80%, AUC: 0.8803 (0.8890), PRC: 0.8053, MCC: 0.5234, 44
AUH_HepG2 	 Train Epoch: 48     avg.loss: 0.1106 Acc: 0.97%, AUC: 0.9988, PRC: 0.9976, MCC: 0.9358, lr: 0.001280
AUH_HepG2 	 Test  Epoch: 48     avg.loss: 2.4523 Acc: 0.80%, AUC: 0.8790 (0.8890), PRC: 0.8037, MCC: 0.5295, 44
AUH_HepG2 	 Train Epoch: 49     avg.loss: 0.0875 Acc: 0.98%, AUC: 0.9990, PRC: 0.9979, MCC: 0.9516, lr: 0.001280
AUH_HepG2 	 Test  Epoch: 49     avg.loss: 1.7986 Acc: 0.81%, AUC: 0.8768 (0.8890), PRC: 0.8045, MCC: 0.5658, 44
AUH_HepG2 	 Train Epoch: 50     avg.loss: 0.1032 Acc: 0.97%, AUC: 0.9988, PRC: 0.9977, MCC: 0.9406, lr: 0.001024
AUH_HepG2 	 Test  Epoch: 50     avg.loss: 2.0165 Acc: 0.81%, AUC: 0.8822 (0.8890), PRC: 0.8027, MCC: 0.5510, 44
AUH_HepG2 	 Train Epoch: 51     avg.loss: 0.0704 Acc: 0.98%, AUC: 0.9995, PRC: 0.9989, MCC: 0.9597, lr: 0.001024
AUH_HepG2 	 Test  Epoch: 51     avg.loss: 2.3281 Acc: 0.80%, AUC: 0.8866 (0.8890), PRC: 0.8123, MCC: 0.5415, 44
AUH_HepG2 	 Train Epoch: 52     avg.loss: 0.0637 Acc: 0.99%, AUC: 0.9995, PRC: 0.9990, MCC: 0.9665, lr: 0.001024
AUH_HepG2 	 Test  Epoch: 52     avg.loss: 1.7607 Acc: 0.83%, AUC: 0.8875 (0.8890), PRC: 0.8134, MCC: 0.5955, 44
AUH_HepG2 	 Train Epoch: 53     avg.loss: 0.0648 Acc: 0.98%, AUC: 0.9993, PRC: 0.9986, MCC: 0.9624, lr: 0.001024
AUH_HepG2 	 Test  Epoch: 53     avg.loss: 1.8513 Acc: 0.82%, AUC: 0.8851 (0.8890), PRC: 0.8159, MCC: 0.5897, 44
AUH_HepG2 	 Train Epoch: 54     avg.loss: 0.0589 Acc: 0.98%, AUC: 0.9996, PRC: 0.9994, MCC: 0.9652, lr: 0.001024
AUH_HepG2 	 Test  Epoch: 54     avg.loss: 1.5065 Acc: 0.84%, AUC: 0.8914 (0.8914), PRC: 0.8229, MCC: 0.6215, 54
AUH_HepG2 	 Train Epoch: 55     avg.loss: 0.0488 Acc: 0.99%, AUC: 0.9998, PRC: 0.9997, MCC: 0.9715, lr: 0.000819
AUH_HepG2 	 Test  Epoch: 55     avg.loss: 1.8778 Acc: 0.82%, AUC: 0.8800 (0.8914), PRC: 0.8024, MCC: 0.5796, 54
AUH_HepG2 	 Train Epoch: 56     avg.loss: 0.0432 Acc: 0.99%, AUC: 0.9997, PRC: 0.9995, MCC: 0.9756, lr: 0.000819
AUH_HepG2 	 Test  Epoch: 56     avg.loss: 3.2138 Acc: 0.79%, AUC: 0.8872 (0.8914), PRC: 0.8158, MCC: 0.5201, 54
AUH_HepG2 	 Train Epoch: 57     avg.loss: 0.0425 Acc: 0.99%, AUC: 0.9998, PRC: 0.9995, MCC: 0.9772, lr: 0.000819
AUH_HepG2 	 Test  Epoch: 57     avg.loss: 1.6105 Acc: 0.83%, AUC: 0.8891 (0.8914), PRC: 0.8206, MCC: 0.6124, 54
AUH_HepG2 	 Train Epoch: 58     avg.loss: 0.0372 Acc: 0.99%, AUC: 0.9997, PRC: 0.9996, MCC: 0.9785, lr: 0.000819
AUH_HepG2 	 Test  Epoch: 58     avg.loss: 2.1996 Acc: 0.82%, AUC: 0.8895 (0.8914), PRC: 0.8210, MCC: 0.5882, 54
AUH_HepG2 	 Train Epoch: 59     avg.loss: 0.0353 Acc: 0.99%, AUC: 0.9998, PRC: 0.9997, MCC: 0.9828, lr: 0.000819
AUH_HepG2 	 Test  Epoch: 59     avg.loss: 2.4278 Acc: 0.82%, AUC: 0.8911 (0.8914), PRC: 0.8213, MCC: 0.5846, 54
AUH_HepG2 	 Train Epoch: 60     avg.loss: 0.0310 Acc: 0.99%, AUC: 1.0000, PRC: 0.9999, MCC: 0.9819, lr: 0.000655
AUH_HepG2 	 Test  Epoch: 60     avg.loss: 2.1767 Acc: 0.83%, AUC: 0.8857 (0.8914), PRC: 0.8156, MCC: 0.6002, 54
AUH_HepG2 	 Train Epoch: 61     avg.loss: 0.0254 Acc: 0.99%, AUC: 0.9999, PRC: 0.9998, MCC: 0.9858, lr: 0.000655
AUH_HepG2 	 Test  Epoch: 61     avg.loss: 2.3573 Acc: 0.83%, AUC: 0.8894 (0.8914), PRC: 0.8213, MCC: 0.6035, 54
AUH_HepG2 	 Train Epoch: 62     avg.loss: 0.0297 Acc: 0.99%, AUC: 0.9999, PRC: 0.9998, MCC: 0.9817, lr: 0.000655
AUH_HepG2 	 Test  Epoch: 62     avg.loss: 3.1718 Acc: 0.81%, AUC: 0.8961 (0.8961), PRC: 0.8302, MCC: 0.5646, 62
AUH_HepG2 	 Train Epoch: 63     avg.loss: 0.0344 Acc: 0.99%, AUC: 0.9999, PRC: 0.9998, MCC: 0.9809, lr: 0.000655
AUH_HepG2 	 Test  Epoch: 63     avg.loss: 2.2542 Acc: 0.83%, AUC: 0.8925 (0.8961), PRC: 0.8252, MCC: 0.6132, 62
AUH_HepG2 	 Train Epoch: 64     avg.loss: 0.0248 Acc: 0.99%, AUC: 0.9999, PRC: 0.9998, MCC: 0.9870, lr: 0.000655
AUH_HepG2 	 Test  Epoch: 64     avg.loss: 2.1758 Acc: 0.83%, AUC: 0.8926 (0.8961), PRC: 0.8244, MCC: 0.6028, 62
AUH_HepG2 	 Train Epoch: 65     avg.loss: 0.0265 Acc: 0.99%, AUC: 0.9999, PRC: 0.9999, MCC: 0.9851, lr: 0.000524
AUH_HepG2 	 Test  Epoch: 65     avg.loss: 3.2072 Acc: 0.82%, AUC: 0.8920 (0.8961), PRC: 0.8239, MCC: 0.5745, 62
AUH_HepG2 	 Train Epoch: 66     avg.loss: 0.0165 Acc: 1.00%, AUC: 1.0000, PRC: 1.0000, MCC: 0.9902, lr: 0.000524
AUH_HepG2 	 Test  Epoch: 66     avg.loss: 2.4403 Acc: 0.82%, AUC: 0.8943 (0.8961), PRC: 0.8265, MCC: 0.5818, 62
AUH_HepG2 	 Train Epoch: 67     avg.loss: 0.0216 Acc: 1.00%, AUC: 0.9998, PRC: 0.9998, MCC: 0.9887, lr: 0.000524
AUH_HepG2 	 Test  Epoch: 67     avg.loss: 2.9468 Acc: 0.81%, AUC: 0.8909 (0.8961), PRC: 0.8251, MCC: 0.5609, 62
AUH_HepG2 	 Train Epoch: 68     avg.loss: 0.0143 Acc: 1.00%, AUC: 1.0000, PRC: 0.9999, MCC: 0.9923, lr: 0.000524
AUH_HepG2 	 Test  Epoch: 68     avg.loss: 2.3128 Acc: 0.83%, AUC: 0.8887 (0.8961), PRC: 0.8198, MCC: 0.6017, 62
AUH_HepG2 	 Train Epoch: 69     avg.loss: 0.0144 Acc: 1.00%, AUC: 0.9999, PRC: 0.9999, MCC: 0.9915, lr: 0.000524
AUH_HepG2 	 Test  Epoch: 69     avg.loss: 2.4346 Acc: 0.83%, AUC: 0.8957 (0.8961), PRC: 0.8283, MCC: 0.5988, 62
AUH_HepG2 	 Train Epoch: 70     avg.loss: 0.0201 Acc: 0.99%, AUC: 1.0000, PRC: 0.9999, MCC: 0.9875, lr: 0.000419
AUH_HepG2 	 Test  Epoch: 70     avg.loss: 2.8971 Acc: 0.82%, AUC: 0.8924 (0.8961), PRC: 0.8273, MCC: 0.5934, 62
AUH_HepG2 	 Train Epoch: 71     avg.loss: 0.0088 Acc: 1.00%, AUC: 1.0000, PRC: 1.0000, MCC: 0.9952, lr: 0.000419
AUH_HepG2 	 Test  Epoch: 71     avg.loss: 2.9003 Acc: 0.82%, AUC: 0.8943 (0.8961), PRC: 0.8284, MCC: 0.5749, 62
AUH_HepG2 	 Train Epoch: 72     avg.loss: 0.0099 Acc: 1.00%, AUC: 1.0000, PRC: 0.9999, MCC: 0.9931, lr: 0.000419
AUH_HepG2 	 Test  Epoch: 72     avg.loss: 2.8932 Acc: 0.82%, AUC: 0.8907 (0.8961), PRC: 0.8201, MCC: 0.5835, 62
AUH_HepG2 	 Train Epoch: 73     avg.loss: 0.0125 Acc: 1.00%, AUC: 1.0000, PRC: 1.0000, MCC: 0.9944, lr: 0.000419
AUH_HepG2 	 Test  Epoch: 73     avg.loss: 2.6045 Acc: 0.82%, AUC: 0.8942 (0.8961), PRC: 0.8281, MCC: 0.5887, 62
AUH_HepG2 	 Train Epoch: 74     avg.loss: 0.0162 Acc: 1.00%, AUC: 1.0000, PRC: 0.9999, MCC: 0.9905, lr: 0.000419
AUH_HepG2 	 Test  Epoch: 74     avg.loss: 2.3253 Acc: 0.83%, AUC: 0.8914 (0.8961), PRC: 0.8231, MCC: 0.5936, 62
AUH_HepG2 	 Train Epoch: 75     avg.loss: 0.0118 Acc: 1.00%, AUC: 1.0000, PRC: 1.0000, MCC: 0.9922, lr: 0.000336
AUH_HepG2 	 Test  Epoch: 75     avg.loss: 3.5488 Acc: 0.81%, AUC: 0.8938 (0.8961), PRC: 0.8248, MCC: 0.5509, 62
AUH_HepG2 	 Train Epoch: 76     avg.loss: 0.0112 Acc: 1.00%, AUC: 1.0000, PRC: 1.0000, MCC: 0.9941, lr: 0.000336
AUH_HepG2 	 Test  Epoch: 76     avg.loss: 3.7957 Acc: 0.80%, AUC: 0.8953 (0.8961), PRC: 0.8289, MCC: 0.5285, 62
AUH_HepG2 	 Train Epoch: 77     avg.loss: 0.0073 Acc: 1.00%, AUC: 1.0000, PRC: 0.9999, MCC: 0.9953, lr: 0.000336
AUH_HepG2 	 Test  Epoch: 77     avg.loss: 3.0407 Acc: 0.81%, AUC: 0.8959 (0.8961), PRC: 0.8309, MCC: 0.5627, 62
AUH_HepG2 	 Train Epoch: 78     avg.loss: 0.0085 Acc: 1.00%, AUC: 1.0000, PRC: 1.0000, MCC: 0.9949, lr: 0.000336
AUH_HepG2 	 Test  Epoch: 78     avg.loss: 2.9921 Acc: 0.82%, AUC: 0.8910 (0.8961), PRC: 0.8274, MCC: 0.5852, 62
AUH_HepG2 	 Train Epoch: 79     avg.loss: 0.0079 Acc: 1.00%, AUC: 1.0000, PRC: 1.0000, MCC: 0.9958, lr: 0.000336
AUH_HepG2 	 Test  Epoch: 79     avg.loss: 2.9686 Acc: 0.82%, AUC: 0.8939 (0.8961), PRC: 0.8288, MCC: 0.5909, 62
AUH_HepG2 	 Train Epoch: 80     avg.loss: 0.0093 Acc: 1.00%, AUC: 1.0000, PRC: 1.0000, MCC: 0.9935, lr: 0.000268
AUH_HepG2 	 Test  Epoch: 80     avg.loss: 2.9730 Acc: 0.82%, AUC: 0.8950 (0.8961), PRC: 0.8282, MCC: 0.5919, 62
AUH_HepG2 	 Train Epoch: 81     avg.loss: 0.0051 Acc: 1.00%, AUC: 1.0000, PRC: 1.0000, MCC: 0.9973, lr: 0.000268
AUH_HepG2 	 Test  Epoch: 81     avg.loss: 3.6520 Acc: 0.81%, AUC: 0.8954 (0.8961), PRC: 0.8293, MCC: 0.5647, 62
AUH_HepG2 	 Train Epoch: 82     avg.loss: 0.0068 Acc: 1.00%, AUC: 1.0000, PRC: 1.0000, MCC: 0.9964, lr: 0.000268
AUH_HepG2 	 Test  Epoch: 82     avg.loss: 3.2312 Acc: 0.82%, AUC: 0.8950 (0.8961), PRC: 0.8273, MCC: 0.5789, 62
AUH_HepG2 best: auc=0.8961 acc=0.8113 prc=0.8302 mcc=0.5646 (epoch=62)
[BEST] results/metrics/AUH_HepG2_20260706-193105_best.json
